<?xml version="1.0" encoding="UTF-8"?>
<!-- Generated by org.testng.reporters.JUnitXMLReporter -->
<testsuite ignored="0" hostname="E5ML33130" failures="0" tests="3" name="BankingApp Test" time="22.635" errors="0" timestamp="2020-02-18T20:39:37 CST">
  <testcase classname="com.bookswagon.execution.TC_Login_001" name="login" time="3.78"/>
  <testcase classname="com.bookswagon.execution.TC_Login_001" name="Search" time="2.417"/>
  <testcase classname="com.bookswagon.execution.TC_SearchBooks_002" name="Search" time="1.946"/>
</testsuite> <!-- BankingApp Test -->
