<?xml version="1.0" encoding="UTF-8"?>
<testng-results ignored="0" total="3" passed="3" failed="0" skipped="0">
  <reporter-output>
  </reporter-output>
  <suite started-at="2020-02-18T22:45:11 CST" name="Bookswagon" finished-at="2020-02-18T22:45:45 CST" duration-ms="33675">
    <groups>
    </groups>
    <test started-at="2020-02-18T22:45:11 CST" name="BankingApp Test" finished-at="2020-02-18T22:45:45 CST" duration-ms="33675">
      <class name="com.bookswagon.execution.TC_Login_001">
        <test-method is-config="true" signature="setupBrowser()[pri:0, instance:com.bookswagon.execution.TC_Login_001@15bfd87]" started-at="2020-02-18T22:45:11 CST" name="setupBrowser" finished-at="2020-02-18T22:45:22 CST" duration-ms="11159" status="PASS">
          <reporter-output>
          </reporter-output>
        </test-method> <!-- setupBrowser -->
        <test-method signature="login()[pri:1, instance:com.bookswagon.execution.TC_Login_001@15bfd87]" started-at="2020-02-18T22:45:22 CST" name="login" finished-at="2020-02-18T22:45:28 CST" duration-ms="5562" status="PASS">
          <reporter-output>
          </reporter-output>
        </test-method> <!-- login -->
        <test-method signature="Search()[pri:2, instance:com.bookswagon.execution.TC_Login_001@15bfd87]" started-at="2020-02-18T22:45:28 CST" name="Search" finished-at="2020-02-18T22:45:32 CST" duration-ms="4216" status="PASS">
          <reporter-output>
          </reporter-output>
        </test-method> <!-- Search -->
        <test-method is-config="true" signature="tearDown()[pri:0, instance:com.bookswagon.execution.TC_Login_001@15bfd87]" started-at="2020-02-18T22:45:32 CST" name="tearDown" finished-at="2020-02-18T22:45:33 CST" duration-ms="874" status="PASS">
          <reporter-output>
          </reporter-output>
        </test-method> <!-- tearDown -->
      </class> <!-- com.bookswagon.execution.TC_Login_001 -->
      <class name="com.bookswagon.execution.TC_SearchBooks_002">
        <test-method is-config="true" signature="setupBrowser()[pri:0, instance:com.bookswagon.execution.TC_SearchBooks_002@543e710e]" started-at="2020-02-18T22:45:33 CST" name="setupBrowser" finished-at="2020-02-18T22:45:40 CST" duration-ms="7354" status="PASS">
          <reporter-output>
          </reporter-output>
        </test-method> <!-- setupBrowser -->
        <test-method signature="Search()[pri:0, instance:com.bookswagon.execution.TC_SearchBooks_002@543e710e]" started-at="2020-02-18T22:45:40 CST" name="Search" finished-at="2020-02-18T22:45:44 CST" duration-ms="3309" status="PASS">
          <reporter-output>
          </reporter-output>
        </test-method> <!-- Search -->
        <test-method is-config="true" signature="tearDown()[pri:0, instance:com.bookswagon.execution.TC_SearchBooks_002@543e710e]" started-at="2020-02-18T22:45:44 CST" name="tearDown" finished-at="2020-02-18T22:45:45 CST" duration-ms="965" status="PASS">
          <reporter-output>
          </reporter-output>
        </test-method> <!-- tearDown -->
      </class> <!-- com.bookswagon.execution.TC_SearchBooks_002 -->
    </test> <!-- BankingApp Test -->
  </suite> <!-- Bookswagon -->
</testng-results>
