<?xml version="1.0" encoding="UTF-8"?>
<testng-results ignored="0" total="3" passed="3" failed="0" skipped="0">
  <reporter-output>
  </reporter-output>
  <suite started-at="2020-02-18T20:39:14 CST" name="Bookswagon" finished-at="2020-02-18T20:39:37 CST" duration-ms="22635">
    <groups>
    </groups>
    <test started-at="2020-02-18T20:39:14 CST" name="BankingApp Test" finished-at="2020-02-18T20:39:37 CST" duration-ms="22635">
      <class name="com.bookswagon.execution.TC_Login_001">
        <test-method is-config="true" signature="setupBrowser()[pri:0, instance:com.bookswagon.execution.TC_Login_001@147ed70f]" started-at="2020-02-18T20:39:14 CST" name="setupBrowser" finished-at="2020-02-18T20:39:21 CST" duration-ms="7079" status="PASS">
          <reporter-output>
          </reporter-output>
        </test-method> <!-- setupBrowser -->
        <test-method signature="login()[pri:1, instance:com.bookswagon.execution.TC_Login_001@147ed70f]" started-at="2020-02-18T20:39:22 CST" name="login" finished-at="2020-02-18T20:39:25 CST" duration-ms="3780" status="PASS">
          <reporter-output>
          </reporter-output>
        </test-method> <!-- login -->
        <test-method signature="Search()[pri:2, instance:com.bookswagon.execution.TC_Login_001@147ed70f]" started-at="2020-02-18T20:39:25 CST" name="Search" finished-at="2020-02-18T20:39:28 CST" duration-ms="2417" status="PASS">
          <reporter-output>
          </reporter-output>
        </test-method> <!-- Search -->
        <test-method is-config="true" signature="tearDown()[pri:0, instance:com.bookswagon.execution.TC_Login_001@147ed70f]" started-at="2020-02-18T20:39:28 CST" name="tearDown" finished-at="2020-02-18T20:39:29 CST" duration-ms="855" status="PASS">
          <reporter-output>
          </reporter-output>
        </test-method> <!-- tearDown -->
      </class> <!-- com.bookswagon.execution.TC_Login_001 -->
      <class name="com.bookswagon.execution.TC_SearchBooks_002">
        <test-method is-config="true" signature="setupBrowser()[pri:0, instance:com.bookswagon.execution.TC_SearchBooks_002@61dd025]" started-at="2020-02-18T20:39:29 CST" name="setupBrowser" finished-at="2020-02-18T20:39:34 CST" duration-ms="5514" status="PASS">
          <reporter-output>
          </reporter-output>
        </test-method> <!-- setupBrowser -->
        <test-method signature="Search()[pri:0, instance:com.bookswagon.execution.TC_SearchBooks_002@61dd025]" started-at="2020-02-18T20:39:34 CST" name="Search" finished-at="2020-02-18T20:39:36 CST" duration-ms="1946" status="PASS">
          <reporter-output>
          </reporter-output>
        </test-method> <!-- Search -->
        <test-method is-config="true" signature="tearDown()[pri:0, instance:com.bookswagon.execution.TC_SearchBooks_002@61dd025]" started-at="2020-02-18T20:39:36 CST" name="tearDown" finished-at="2020-02-18T20:39:37 CST" duration-ms="822" status="PASS">
          <reporter-output>
          </reporter-output>
        </test-method> <!-- tearDown -->
      </class> <!-- com.bookswagon.execution.TC_SearchBooks_002 -->
    </test> <!-- BankingApp Test -->
  </suite> <!-- Bookswagon -->
</testng-results>
