<?xml version="1.0" encoding="UTF-8"?>
<!-- Generated by org.testng.reporters.JUnitXMLReporter -->
<testsuite ignored="0" hostname="E5ML33130" failures="0" tests="3" name="BankingApp Test" time="33.675" errors="0" timestamp="2020-02-18T22:45:45 CST">
  <testcase classname="com.bookswagon.execution.TC_Login_001" name="login" time="5.562"/>
  <testcase classname="com.bookswagon.execution.TC_Login_001" name="Search" time="4.216"/>
  <testcase classname="com.bookswagon.execution.TC_SearchBooks_002" name="Search" time="3.309"/>
</testsuite> <!-- BankingApp Test -->
